# JRE version: OpenJDK Runtime Environment (17.0.6) (build 17.0.6+0-b2043.56-10027231)
# Java VM: OpenJDK 64-Bit Server VM (17.0.6+0-b2043.56-10027231, mixed mode, tiered, compressed oops, compressed class ptrs, g1 gc, windows-amd64)
GC Precious Log:
 CPUs: 8 total, 8 available
 Memory: 7834M
 Large Page Support: Disabled
 NUMA Support: Disabled
 Compressed Oops: Enabled (32-bit)
 Heap Region Size: 1M
 Heap Min Capacity: 8M
 Heap Initial Capacity: 124M
 Heap Max Capacity: 1960M
 Pre-touch: Disabled
 Parallel Workers: 8
 Concurrent Workers: 2
 Concurrent Refinement Workers: 8
 Periodic GC: Disabled
Heap:
 garbage-first heap   total 117760K, used 74612K [0x0000000085800000, 0x0000000100000000)
  region size 1024K, 32 young (32768K), 3 survivors (3072K)
 Metaspace       used 65707K, committed 65984K, reserved 1114112K
  class space    used 7807K, committed 7936K, reserved 1048576K
GC Heap History (20 events):
Event: 1.922 GC heap before
{Heap before GC invocations=5 (full 0):
 garbage-first heap   total 40960K, used 16447K [0x0000000085800000, 0x0000000100000000)
  region size 1024K, 3 young (3072K), 2 survivors (2048K)
 Metaspace       used 27491K, committed 27712K, reserved 1073152K
  class space    used 3012K, committed 3136K, reserved 1048576K
}
Event: 1.925 GC heap after
{Heap after GC invocations=6 (full 0):
 garbage-first heap   total 40960K, used 16822K [0x0000000085800000, 0x0000000100000000)
  region size 1024K, 1 young (1024K), 1 survivors (1024K)
 Metaspace       used 27491K, committed 27712K, reserved 1073152K
  class space    used 3012K, committed 3136K, reserved 1048576K
}
Event: 2.270 GC heap before
{Heap before GC invocations=6 (full 0):
 garbage-first heap   total 40960K, used 32182K [0x0000000085800000, 0x0000000100000000)
  region size 1024K, 16 young (16384K), 1 survivors (1024K)
 Metaspace       used 32271K, committed 32512K, reserved 1081344K
  class space    used 3965K, committed 4096K, reserved 1048576K
}
Event: 2.274 GC heap after
{Heap after GC invocations=7 (full 0):
 garbage-first heap   total 68608K, used 17810K [0x0000000085800000, 0x0000000100000000)
  region size 1024K, 2 young (2048K), 2 survivors (2048K)
 Metaspace       used 32271K, committed 32512K, reserved 1081344K
  class space    used 3965K, committed 4096K, reserved 1048576K
}
Event: 3.058 GC heap before
{Heap before GC invocations=7 (full 0):
 garbage-first heap   total 68608K, used 53650K [0x0000000085800000, 0x0000000100000000)
  region size 1024K, 35 young (35840K), 2 survivors (2048K)
 Metaspace       used 35648K, committed 35840K, reserved 1081344K
  class space    used 4541K, committed 4608K, reserved 1048576K
}
Event: 3.072 GC heap after
{Heap after GC invocations=8 (full 0):
 garbage-first heap   total 68608K, used 26871K [0x0000000085800000, 0x0000000100000000)
  region size 1024K, 5 young (5120K), 5 survivors (5120K)
 Metaspace       used 35648K, committed 35840K, reserved 1081344K
  class space    used 4541K, committed 4608K, reserved 1048576K
}
Event: 3.080 GC heap before
{Heap before GC invocations=8 (full 0):
 garbage-first heap   total 68608K, used 26871K [0x0000000085800000, 0x0000000100000000)
  region size 1024K, 6 young (6144K), 5 survivors (5120K)
 Metaspace       used 35740K, committed 35968K, reserved 1081344K
  class space    used 4555K, committed 4672K, reserved 1048576K
}
Event: 3.087 GC heap after
{Heap after GC invocations=9 (full 0):
 garbage-first heap   total 68608K, used 27915K [0x0000000085800000, 0x0000000100000000)
  region size 1024K, 1 young (1024K), 1 survivors (1024K)
 Metaspace       used 35740K, committed 35968K, reserved 1081344K
  class space    used 4555K, committed 4672K, reserved 1048576K
}
Event: 3.642 GC heap before
{Heap before GC invocations=10 (full 0):
 garbage-first heap   total 68608K, used 51467K [0x0000000085800000, 0x0000000100000000)
  region size 1024K, 25 young (25600K), 1 survivors (1024K)
 Metaspace       used 39956K, committed 40256K, reserved 1089536K
  class space    used 5017K, committed 5184K, reserved 1048576K
}
Event: 3.648 GC heap after
{Heap after GC invocations=11 (full 0):
 garbage-first heap   total 68608K, used 28653K [0x0000000085800000, 0x0000000100000000)
  region size 1024K, 4 young (4096K), 4 survivors (4096K)
 Metaspace       used 39956K, committed 40256K, reserved 1089536K
  class space    used 5017K, committed 5184K, reserved 1048576K
}
Event: 3.671 GC heap before
{Heap before GC invocations=11 (full 0):
 garbage-first heap   total 68608K, used 29677K [0x0000000085800000, 0x0000000100000000)
  region size 1024K, 5 young (5120K), 4 survivors (4096K)
 Metaspace       used 40130K, committed 40384K, reserved 1089536K
  class space    used 5034K, committed 5184K, reserved 1048576K
}
Event: 3.678 GC heap after
{Heap after GC invocations=12 (full 0):
 garbage-first heap   total 68608K, used 28982K [0x0000000085800000, 0x0000000100000000)
  region size 1024K, 1 young (1024K), 1 survivors (1024K)
 Metaspace       used 40130K, committed 40384K, reserved 1089536K
  class space    used 5034K, committed 5184K, reserved 1048576K
}
Event: 4.128 GC heap before
{Heap before GC invocations=12 (full 0):
 garbage-first heap   total 68608K, used 50486K [0x0000000085800000, 0x0000000100000000)
  region size 1024K, 23 young (23552K), 1 survivors (1024K)
 Metaspace       used 44934K, committed 45248K, reserved 1089536K
  class space    used 5478K, committed 5632K, reserved 1048576K
}
Event: 4.134 GC heap after
{Heap after GC invocations=13 (full 0):
 garbage-first heap   total 117760K, used 30642K [0x0000000085800000, 0x0000000100000000)
  region size 1024K, 3 young (3072K), 3 survivors (3072K)
 Metaspace       used 44934K, committed 45248K, reserved 1089536K
  class space    used 5478K, committed 5632K, reserved 1048576K
}
Event: 6.013 GC heap before
{Heap before GC invocations=13 (full 0):
 garbage-first heap   total 117760K, used 90034K [0x0000000085800000, 0x0000000100000000)
  region size 1024K, 59 young (60416K), 3 survivors (3072K)
 Metaspace       used 54582K, committed 54912K, reserved 1097728K
  class space    used 6569K, committed 6720K, reserved 1048576K
}
Event: 6.030 GC heap after
{Heap after GC invocations=14 (full 0):
 garbage-first heap   total 117760K, used 38997K [0x0000000085800000, 0x0000000100000000)
  region size 1024K, 8 young (8192K), 8 survivors (8192K)
 Metaspace       used 54582K, committed 54912K, reserved 1097728K
  class space    used 6569K, committed 6720K, reserved 1048576K
}
Event: 6.800 GC heap before
{Heap before GC invocations=14 (full 0):
 garbage-first heap   total 117760K, used 88149K [0x0000000085800000, 0x0000000100000000)
  region size 1024K, 55 young (56320K), 8 survivors (8192K)
 Metaspace       used 57211K, committed 57472K, reserved 1105920K
  class space    used 6864K, committed 6976K, reserved 1048576K
}
Event: 6.818 GC heap after
{Heap after GC invocations=15 (full 0):
 garbage-first heap   total 117760K, used 43520K [0x0000000085800000, 0x0000000100000000)
  region size 1024K, 5 young (5120K), 5 survivors (5120K)
 Metaspace       used 57211K, committed 57472K, reserved 1105920K
  class space    used 6864K, committed 6976K, reserved 1048576K
}
Event: 7.386 GC heap before
{Heap before GC invocations=15 (full 0):
 garbage-first heap   total 117760K, used 60928K [0x0000000085800000, 0x0000000100000000)
  region size 1024K, 23 young (23552K), 5 survivors (5120K)
 Metaspace       used 59796K, committed 60096K, reserved 1105920K
  class space    used 7136K, committed 7232K, reserved 1048576K
}
Event: 7.400 GC heap after
{Heap after GC invocations=16 (full 0):
 garbage-first heap   total 117760K, used 45940K [0x0000000085800000, 0x0000000100000000)
  region size 1024K, 3 young (3072K), 3 survivors (3072K)
 Metaspace       used 59796K, committed 60096K, reserved 1105920K
  class space    used 7136K, committed 7232K, reserved 1048576K
}

